<?xml version="1.0" encoding="UTF-8"?>
<testsuite xmlns:xsi="http://www.w3.org/2001/XMLSchema-instance" xsi:noNamespaceSchemaLocation="https://maven.apache.org/surefire/maven-surefire-plugin/xsd/surefire-test-report-3.0.xsd" version="3.0" name="steps.TestRunner" time="3.277" tests="1" errors="1" skipped="0" failures="0">
  <properties>
[...]
</properties>
  <testcase name="Search with keyword" classname="Google Search" time="2.975">
    <error message="no such element: Unable to locate element: {&quot;method&quot;:&quot;css selector&quot;,&quot;selector&quot;:&quot;*[name=&apos;q&apos;]&quot;}&#10;  (Session info: chrome=138.0.7204.184)&#10;For documentation on this error, please visit: https://www.selenium.dev/documentation/webdriver/troubleshooting/errors#no-such-element-exception&#10;Build info: version: &apos;4.21.0&apos;, revision: &apos;79ed462ef4&apos;&#10;System info: os.name: &apos;Mac OS X&apos;, os.arch: &apos;x86_64&apos;, os.version: &apos;15.5&apos;, java.version: &apos;24.0.2&apos;&#10;Driver info: org.openqa.selenium.chrome.ChromeDriver&#10;Command: [3473ed86530e1024f3fe654f07071bae, findElement {using=name, value=q}]&#10;Capabilities {acceptInsecureCerts: false, browserName: chrome, browserVersion: 138.0.7204.184, chrome: {chromedriverVersion: 138.0.7204.183 (e90faf484dd..., userDataDir: /var/folders/fw/48hh46gj1dj...}, fedcm:accounts: true, goog:chromeOptions: {debuggerAddress: localhost:58723}, networkConnectionEnabled: false, pageLoadStrategy: normal, platformName: mac, proxy: Proxy(), se:cdp: ws://localhost:58723/devtoo..., se:cdpVersion: 138.0.7204.184, setWindowRect: true, strictFileInteractability: false, timeouts: {implicit: 0, pageLoad: 300000, script: 30000}, unhandledPromptBehavior: dismiss and notify, webauthn:extension:credBlob: true, webauthn:extension:largeBlob: true, webauthn:extension:minPinLength: true, webauthn:extension:prf: true, webauthn:virtualAuthenticators: true}&#10;Session ID: 3473ed86530e1024f3fe654f07071bae" type="org.openqa.selenium.NoSuchElementException"><![CDATA[org.openqa.selenium.NoSuchElementException: 
no such element: Unable to locate element: {"method":"css selector","selector":"*[name='q']"}
  (Session info: chrome=138.0.7204.184)
For documentation on this error, please visit: https://www.selenium.dev/documentation/webdriver/troubleshooting/errors#no-such-element-exception
Build info: version: '4.21.0', revision: '79ed462ef4'
System info: os.name: 'Mac OS X', os.arch: 'x86_64', os.version: '15.5', java.version: '24.0.2'
Driver info: org.openqa.selenium.chrome.ChromeDriver
Command: [3473ed86530e1024f3fe654f07071bae, findElement {using=name, value=q}]
Capabilities {acceptInsecureCerts: false, browserName: chrome, browserVersion: 138.0.7204.184, chrome: {chromedriverVersion: 138.0.7204.183 (e90faf484dd..., userDataDir: /var/folders/fw/48hh46gj1dj...}, fedcm:accounts: true, goog:chromeOptions: {debuggerAddress: localhost:58723}, networkConnectionEnabled: false, pageLoadStrategy: normal, platformName: mac, proxy: Proxy(), se:cdp: ws://localhost:58723/devtoo..., se:cdpVersion: 138.0.7204.184, setWindowRect: true, strictFileInteractability: false, timeouts: {implicit: 0, pageLoad: 300000, script: 30000}, unhandledPromptBehavior: dismiss and notify, webauthn:extension:credBlob: true, webauthn:extension:largeBlob: true, webauthn:extension:minPinLength: true, webauthn:extension:prf: true, webauthn:virtualAuthenticators: true}
Session ID: 3473ed86530e1024f3fe654f07071bae
	at java.base/jdk.internal.reflect.DirectConstructorHandleAccessor.newInstance(DirectConstructorHandleAccessor.java:62)
	at java.base/java.lang.reflect.Constructor.newInstanceWithCaller(Constructor.java:499)
	at java.base/java.lang.reflect.Constructor.newInstance(Constructor.java:483)
	at org.openqa.selenium.remote.ErrorCodec.decode(ErrorCodec.java:167)
	at org.openqa.selenium.remote.codec.w3c.W3CHttpResponseCodec.decode(W3CHttpResponseCodec.java:138)
	at org.openqa.selenium.remote.codec.w3c.W3CHttpResponseCodec.decode(W3CHttpResponseCodec.java:50)
	at org.openqa.selenium.remote.HttpCommandExecutor.execute(HttpCommandExecutor.java:190)
	at org.openqa.selenium.remote.service.DriverCommandExecutor.invokeExecute(DriverCommandExecutor.java:216)
	at org.openqa.selenium.remote.service.DriverCommandExecutor.execute(DriverCommandExecutor.java:174)
	at org.openqa.selenium.remote.RemoteWebDriver.execute(RemoteWebDriver.java:518)
	at org.openqa.selenium.remote.ElementLocation$ElementFinder$2.findElement(ElementLocation.java:165)
	at org.openqa.selenium.remote.ElementLocation.findElement(ElementLocation.java:66)
	at org.openqa.selenium.remote.RemoteWebDriver.findElement(RemoteWebDriver.java:355)
	at org.openqa.selenium.remote.RemoteWebDriver.findElement(RemoteWebDriver.java:349)
	at steps.StepDefinitions.i_search_for(StepDefinitions.java:21)
	at ✽.I search for "Selenium WebDriver"(file:///Users/justinchen/Desktop/selenium/fleexspace-selenium/src/test/resources/features/fmp_senerio.feature:5)
]]></error>
    <system-out><![CDATA[
Scenario: Search with keyword                        &amp#27;[90m# src/test/resources/features/fmp_senerio.feature:3&amp#27;[0m
  &amp#27;[32mGiven &amp#27;[0m&amp#27;[32mI open Google&amp#27;[0m                                &amp#27;[90m# steps.StepDefinitions.i_open_google()&amp#27;[0m
  &amp#27;[31mWhen &amp#27;[0m&amp#27;[31mI search for &amp#27;[0m&amp#27;[31m&amp#27;[1m"Selenium WebDriver"&amp#27;[0m             &amp#27;[90m# steps.StepDefinitions.i_search_for(java.lang.String)&amp#27;[0m
      &amp#27;[31morg.openqa.selenium.NoSuchElementException: no such element: Unable to locate element: {"method":"css selector","selector":"*[name='q']"}
  (Session info: chrome=138.0.7204.184)
For documentation on this error, please visit: https://www.selenium.dev/documentation/webdriver/troubleshooting/errors#no-such-element-exception
Build info: version: '4.21.0', revision: '79ed462ef4'
System info: os.name: 'Mac OS X', os.arch: 'x86_64', os.version: '15.5', java.version: '24.0.2'
Driver info: org.openqa.selenium.chrome.ChromeDriver
Command: [3473ed86530e1024f3fe654f07071bae, findElement {using=name, value=q}]
Capabilities {acceptInsecureCerts: false, browserName: chrome, browserVersion: 138.0.7204.184, chrome: {chromedriverVersion: 138.0.7204.183 (e90faf484dd..., userDataDir: /var/folders/fw/48hh46gj1dj...}, fedcm:accounts: true, goog:chromeOptions: {debuggerAddress: localhost:58723}, networkConnectionEnabled: false, pageLoadStrategy: normal, platformName: mac, proxy: Proxy(), se:cdp: ws://localhost:58723/devtoo..., se:cdpVersion: 138.0.7204.184, setWindowRect: true, strictFileInteractability: false, timeouts: {implicit: 0, pageLoad: 300000, script: 30000}, unhandledPromptBehavior: dismiss and notify, webauthn:extension:credBlob: true, webauthn:extension:largeBlob: true, webauthn:extension:minPinLength: true, webauthn:extension:prf: true, webauthn:virtualAuthenticators: true}
Session ID: 3473ed86530e1024f3fe654f07071bae
	at java.base/jdk.internal.reflect.DirectConstructorHandleAccessor.newInstance(DirectConstructorHandleAccessor.java:62)
	at java.base/java.lang.reflect.Constructor.newInstanceWithCaller(Constructor.java:499)
	at java.base/java.lang.reflect.Constructor.newInstance(Constructor.java:483)
	at org.openqa.selenium.remote.ErrorCodec.decode(ErrorCodec.java:167)
	at org.openqa.selenium.remote.codec.w3c.W3CHttpResponseCodec.decode(W3CHttpResponseCodec.java:138)
	at org.openqa.selenium.remote.codec.w3c.W3CHttpResponseCodec.decode(W3CHttpResponseCodec.java:50)
	at org.openqa.selenium.remote.HttpCommandExecutor.execute(HttpCommandExecutor.java:190)
	at org.openqa.selenium.remote.service.DriverCommandExecutor.invokeExecute(DriverCommandExecutor.java:216)
	at org.openqa.selenium.remote.service.DriverCommandExecutor.execute(DriverCommandExecutor.java:174)
	at org.openqa.selenium.remote.RemoteWebDriver.execute(RemoteWebDriver.java:518)
	at org.openqa.selenium.remote.ElementLocation$ElementFinder$2.findElement(ElementLocation.java:165)
	at org.openqa.selenium.remote.ElementLocation.findElement(ElementLocation.java:66)
	at org.openqa.selenium.remote.RemoteWebDriver.findElement(RemoteWebDriver.java:355)
	at org.openqa.selenium.remote.RemoteWebDriver.findElement(RemoteWebDriver.java:349)
	at steps.StepDefinitions.i_search_for(StepDefinitions.java:21)
	at ✽.I search for "Selenium WebDriver"(file:///Users/justinchen/Desktop/selenium/fleexspace-selenium/src/test/resources/features/fmp_senerio.feature:5)
&amp#27;[0m
  &amp#27;[36mThen &amp#27;[0m&amp#27;[36mthe title should contain &amp#27;[0m&amp#27;[36m&amp#27;[1m"Selenium WebDriver"&amp#27;[0m &amp#27;[90m# steps.StepDefinitions.the_title_should_contain(java.lang.String)&amp#27;[0m
]]></system-out>
    <system-err><![CDATA[8月 04, 2025 4:42:34 下午 org.openqa.selenium.devtools.CdpVersionFinder findNearestMatch
警告: Unable to find CDP implementation matching 138
8月 04, 2025 4:42:34 下午 org.openqa.selenium.chromium.ChromiumDriver lambda$new$5
警告: Unable to find version of CDP to use for 138.0.7204.184. You may need to include a dependency on a specific version of the CDP using something similar to `org.seleniumhq.selenium:selenium-devtools-v86:4.21.0` where the version ("v86") matches the version of the chromium-based browser you're using and the version number of the artifact is the same as Selenium's.
]]></system-err>
  </testcase>
</testsuite>